2025-07-28 04:11:16 - REQUEST: GET /?id=6512b4cc-53f9-4e8c-b1fb-8a2a8681bf78&vscodeBrowserReqId=1753675876559
2025-07-28 04:11:23 - REQUEST: GET /reportes?id=6512b4cc-53f9-4e8c-b1fb-8a2a8681bf78&vscodeBrowserReqId=1753675883472
2025-07-28 04:11:27 - REQUEST: GET /usuarios?id=6512b4cc-53f9-4e8c-b1fb-8a2a8681bf78&vscodeBrowserReqId=1753675887956
2025-07-28 04:11:32 - REQUEST: GET /institutos?id=6512b4cc-53f9-4e8c-b1fb-8a2a8681bf78&vscodeBrowserReqId=1753675892075
2025-07-28 04:18:10 - REQUEST: GET /reportes?id=6512b4cc-53f9-4e8c-b1fb-8a2a8681bf78&vscodeBrowserReqId=1753676290408
2025-07-28 04:18:10 - PROCESSING: GET /reportes
2025-07-28 04:18:10 - ROUTE FOUND: /reportes
2025-07-28 04:18:10 - VIEW RENDERED: /reportes
2025-07-28 04:18:27 - REQUEST: GET /?id=6512b4cc-53f9-4e8c-b1fb-8a2a8681bf78&vscodeBrowserReqId=1753676307245
2025-07-28 04:18:27 - PROCESSING: GET /
2025-07-28 04:18:27 - ROUTE FOUND: /
2025-07-28 04:18:27 - VIEW RENDERED: /
2025-07-28 04:18:37 - REQUEST: GET /
2025-07-28 04:18:37 - PROCESSING: GET /
2025-07-28 04:18:37 - ROUTE FOUND: /
2025-07-28 04:18:37 - VIEW RENDERED: /
2025-07-28 04:18:38 - REQUEST: GET /favicon.ico
2025-07-28 04:18:38 - PROCESSING: GET /favicon.ico
2025-07-28 04:18:38 - NOT FOUND: /favicon.ico
2025-07-28 04:18:55 - REQUEST: GET /
2025-07-28 04:18:55 - PROCESSING: GET /
2025-07-28 04:18:55 - ROUTE FOUND: /
2025-07-28 04:18:55 - VIEW RENDERED: /
2025-07-28 04:22:15 - REQUEST: GET /
2025-07-28 04:22:15 - PROCESSING: GET /
2025-07-28 04:22:15 - ROUTE FOUND: /
2025-07-28 04:22:15 - VIEW RENDERED: /
2025-07-28 04:22:36 - REQUEST: GET /
2025-07-28 04:22:36 - PROCESSING: GET /
2025-07-28 04:22:36 - ROUTE FOUND: /
2025-07-28 04:22:36 - VIEW RENDERED: /
2025-07-28 04:22:36 - REQUEST: GET /
2025-07-28 04:22:36 - PROCESSING: GET /
2025-07-28 04:22:36 - ROUTE FOUND: /
2025-07-28 04:22:36 - VIEW RENDERED: /
2025-07-28 04:22:38 - REQUEST: GET /
2025-07-28 04:22:38 - PROCESSING: GET /
2025-07-28 04:22:38 - ROUTE FOUND: /
2025-07-28 04:22:38 - VIEW RENDERED: /
2025-07-28 04:22:38 - REQUEST: GET /
2025-07-28 04:22:38 - PROCESSING: GET /
2025-07-28 04:22:38 - ROUTE FOUND: /
2025-07-28 04:22:38 - VIEW RENDERED: /
2025-07-28 04:22:54 - REQUEST: GET /
2025-07-28 04:22:54 - PROCESSING: GET /
2025-07-28 04:22:54 - ROUTE FOUND: /
2025-07-28 04:22:54 - VIEW RENDERED: /
2025-07-28 04:23:22 - REQUEST: GET /
2025-07-28 04:23:22 - PROCESSING: GET /
2025-07-28 04:23:22 - ROUTE FOUND: /
2025-07-28 04:23:22 - VIEW RENDERED: /
2025-07-28 04:24:05 - REQUEST: GET /
2025-07-28 04:24:05 - PROCESSING: GET /
2025-07-28 04:24:05 - ROUTE FOUND: /
2025-07-28 04:24:05 - VIEW RENDERED: /
2025-07-28 04:32:03 - REQUEST: GET /
2025-07-28 04:32:03 - PROCESSING: GET /
2025-07-28 04:32:03 - ROUTE FOUND: /
2025-07-28 04:32:03 - VIEW RENDERED: /
2025-07-28 04:34:29 - REQUEST: GET /
2025-07-28 04:34:29 - PROCESSING: GET /
2025-07-28 04:34:29 - ROUTE FOUND: /
2025-07-28 04:34:29 - VIEW RENDERED: /
2025-07-28 04:35:44 - REQUEST: GET /public/index.php
2025-07-28 04:35:44 - PROCESSING: GET /
2025-07-28 04:35:44 - ROUTE FOUND: /
2025-07-28 04:35:44 - VIEW RENDERED: /
2025-07-28 04:36:05 - REQUEST: GET /NexusCompendiumEva1/index.php
2025-07-28 04:36:05 - PROCESSING: GET /
2025-07-28 04:36:05 - ROUTE FOUND: /
2025-07-28 04:36:05 - VIEW RENDERED: /
2025-07-28 04:48:04 - REQUEST: GET /dashboard
2025-07-28 04:48:04 - PAGE: 'dashboard' from URI: /dashboard
2025-07-28 04:48:04 - PROCESSING: 'dashboard'
2025-07-28 04:48:04 - LOADING VIEW: 'dashboard'
2025-07-28 04:48:55 - REQUEST: GET /dashboard
2025-07-28 04:48:55 - PAGE: 'dashboard' from URI: /dashboard
2025-07-28 04:48:55 - PROCESSING: 'dashboard'
2025-07-28 04:48:55 - LOADING VIEW: 'dashboard'
2025-07-28 04:49:12 - REQUEST: GET /dashboard
2025-07-28 04:49:12 - PAGE: 'dashboard' from URI: /dashboard
2025-07-28 04:49:12 - PROCESSING: 'dashboard'
2025-07-28 04:49:12 - LOADING VIEW: 'dashboard'
2025-07-28 04:49:12 - REQUEST: GET /dashboard
2025-07-28 04:49:12 - PAGE: 'dashboard' from URI: /dashboard
2025-07-28 04:49:12 - PROCESSING: 'dashboard'
2025-07-28 04:49:12 - LOADING VIEW: 'dashboard'
2025-07-28 04:49:14 - REQUEST: GET /dashboard
2025-07-28 04:49:14 - PAGE: 'dashboard' from URI: /dashboard
2025-07-28 04:49:14 - PROCESSING: 'dashboard'
2025-07-28 04:49:14 - LOADING VIEW: 'dashboard'
2025-07-28 04:49:14 - REQUEST: GET /dashboard
2025-07-28 04:49:14 - PAGE: 'dashboard' from URI: /dashboard
2025-07-28 04:49:14 - PROCESSING: 'dashboard'
2025-07-28 04:49:14 - LOADING VIEW: 'dashboard'
2025-07-28 04:49:40 - REQUEST: GET /
2025-07-28 04:49:40 - PAGE: '' from URI: /
2025-07-28 04:49:40 - PROCESSING: ''
2025-07-28 04:49:40 - LOADING VIEW: 'dashboard'
2025-07-28 04:50:05 - REQUEST: GET /proyectos
2025-07-28 04:50:05 - PAGE: 'proyectos' from URI: /proyectos
2025-07-28 04:50:05 - PROCESSING: 'proyectos'
2025-07-28 04:50:05 - LOADING VIEW: 'proyectos.index'
2025-07-28 04:50:45 - REQUEST: GET /
2025-07-28 04:50:45 - PAGE: '' from URI: /
2025-07-28 04:50:45 - PROCESSING: ''
2025-07-28 04:50:45 - LOADING VIEW: 'dashboard'
2025-07-28 04:52:51 - REQUEST: GET /dashboard
2025-07-28 04:52:51 - PAGE: 'dashboard' from URI: /dashboard
2025-07-28 04:52:51 - PROCESSING ROUTE: 'dashboard'
2025-07-28 04:52:51 - ROUTE FOUND: '/dashboard'
2025-07-28 04:53:06 - REQUEST: GET /proyectos
2025-07-28 04:53:06 - PAGE: 'proyectos' from URI: /proyectos
2025-07-28 04:53:06 - PROCESSING ROUTE: 'proyectos'
2025-07-28 04:53:06 - ROUTE FOUND: '/proyectos'
2025-07-28 04:53:50 - REQUEST: GET /
2025-07-28 04:53:50 - PAGE: '' from URI: /
2025-07-28 04:53:50 - PROCESSING ROUTE: ''
2025-07-28 04:53:50 - ROUTE FOUND: '/'
2025-07-28 04:53:54 - REQUEST: GET /
2025-07-28 04:53:54 - PAGE: '' from URI: /
2025-07-28 04:53:54 - PROCESSING ROUTE: ''
2025-07-28 04:53:54 - ROUTE FOUND: '/'
2025-07-28 04:53:56 - REQUEST: GET /proyectos
2025-07-28 04:53:56 - PAGE: 'proyectos' from URI: /proyectos
2025-07-28 04:53:56 - PROCESSING ROUTE: 'proyectos'
2025-07-28 04:53:56 - ROUTE FOUND: '/proyectos'
2025-07-28 04:53:58 - REQUEST: GET /proyectos
2025-07-28 04:53:58 - PAGE: 'proyectos' from URI: /proyectos
2025-07-28 04:53:58 - PROCESSING ROUTE: 'proyectos'
2025-07-28 04:53:58 - ROUTE FOUND: '/proyectos'
2025-07-28 04:53:59 - REQUEST: GET /usuarios
2025-07-28 04:53:59 - PAGE: 'usuarios' from URI: /usuarios
2025-07-28 04:53:59 - PROCESSING ROUTE: 'usuarios'
2025-07-28 04:53:59 - ROUTE FOUND: '/usuarios'
2025-07-28 04:54:02 - REQUEST: GET /usuarios
2025-07-28 04:54:02 - PAGE: 'usuarios' from URI: /usuarios
2025-07-28 04:54:02 - PROCESSING ROUTE: 'usuarios'
2025-07-28 04:54:02 - ROUTE FOUND: '/usuarios'
2025-07-28 04:54:05 - REQUEST: GET /institutos
2025-07-28 04:54:05 - PAGE: 'institutos' from URI: /institutos
2025-07-28 04:54:05 - PROCESSING ROUTE: 'institutos'
2025-07-28 04:54:05 - ROUTE FOUND: '/institutos'
2025-07-28 04:54:07 - REQUEST: GET /usuarios
2025-07-28 04:54:07 - PAGE: 'usuarios' from URI: /usuarios
2025-07-28 04:54:07 - PROCESSING ROUTE: 'usuarios'
2025-07-28 04:54:07 - ROUTE FOUND: '/usuarios'
2025-07-28 04:54:08 - REQUEST: GET /proyectos
2025-07-28 04:54:08 - PAGE: 'proyectos' from URI: /proyectos
2025-07-28 04:54:08 - PROCESSING ROUTE: 'proyectos'
2025-07-28 04:54:08 - ROUTE FOUND: '/proyectos'
2025-07-28 04:54:10 - REQUEST: GET /
2025-07-28 04:54:10 - PAGE: '' from URI: /
2025-07-28 04:54:10 - PROCESSING ROUTE: ''
2025-07-28 04:54:10 - ROUTE FOUND: '/'
2025-07-28 04:54:12 - REQUEST: GET /institutos
2025-07-28 04:54:12 - PAGE: 'institutos' from URI: /institutos
2025-07-28 04:54:12 - PROCESSING ROUTE: 'institutos'
2025-07-28 04:54:12 - ROUTE FOUND: '/institutos'
2025-07-28 04:54:13 - REQUEST: GET /reportes
2025-07-28 04:54:13 - PAGE: 'reportes' from URI: /reportes
2025-07-28 04:54:13 - PROCESSING ROUTE: 'reportes'
2025-07-28 04:54:13 - ROUTE FOUND: '/reportes'
2025-07-28 04:54:15 - REQUEST: GET /usuarios
2025-07-28 04:54:15 - PAGE: 'usuarios' from URI: /usuarios
2025-07-28 04:54:15 - PROCESSING ROUTE: 'usuarios'
2025-07-28 04:54:15 - ROUTE FOUND: '/usuarios'
2025-07-28 04:54:16 - REQUEST: GET /proyectos
2025-07-28 04:54:16 - PAGE: 'proyectos' from URI: /proyectos
2025-07-28 04:54:16 - PROCESSING ROUTE: 'proyectos'
2025-07-28 04:54:16 - ROUTE FOUND: '/proyectos'
2025-07-28 04:54:31 - REQUEST: GET /proyectos/crear
2025-07-28 04:54:31 - PAGE: 'proyectos/crear' from URI: /proyectos/crear
2025-07-28 04:54:31 - PROCESSING ROUTE: 'proyectos/crear'
2025-07-28 04:54:31 - ROUTE FOUND: '/proyectos/crear'
2025-07-28 04:54:31 - REQUEST: GET /proyectos/css/styles.css
2025-07-28 04:54:31 - PAGE: 'proyectos/css/styles.css' from URI: /proyectos/css/styles.css
2025-07-28 04:54:31 - PROCESSING ROUTE: 'proyectos/css/styles.css'
2025-07-28 04:54:31 - ROUTE NOT FOUND: '/proyectos/css/styles.css'
2025-07-28 04:54:40 - REQUEST: GET /
2025-07-28 04:54:40 - PAGE: '' from URI: /
2025-07-28 04:54:40 - PROCESSING ROUTE: ''
2025-07-28 04:54:40 - ROUTE FOUND: '/'
2025-07-28 04:54:42 - REQUEST: GET /proyectos
2025-07-28 04:54:42 - PAGE: 'proyectos' from URI: /proyectos
2025-07-28 04:54:42 - PROCESSING ROUTE: 'proyectos'
2025-07-28 04:54:42 - ROUTE FOUND: '/proyectos'
2025-07-28 04:54:43 - REQUEST: GET /proyectos
2025-07-28 04:54:43 - PAGE: 'proyectos' from URI: /proyectos
2025-07-28 04:54:43 - PROCESSING ROUTE: 'proyectos'
2025-07-28 04:54:43 - ROUTE FOUND: '/proyectos'
2025-07-28 04:54:44 - REQUEST: GET /usuarios
2025-07-28 04:54:44 - PAGE: 'usuarios' from URI: /usuarios
2025-07-28 04:54:44 - PROCESSING ROUTE: 'usuarios'
2025-07-28 04:54:44 - ROUTE FOUND: '/usuarios'
2025-07-28 04:54:45 - REQUEST: GET /institutos
2025-07-28 04:54:45 - PAGE: 'institutos' from URI: /institutos
2025-07-28 04:54:45 - PROCESSING ROUTE: 'institutos'
2025-07-28 04:54:45 - ROUTE FOUND: '/institutos'
2025-07-28 04:54:46 - REQUEST: GET /reportes
2025-07-28 04:54:46 - PAGE: 'reportes' from URI: /reportes
2025-07-28 04:54:46 - PROCESSING ROUTE: 'reportes'
2025-07-28 04:54:46 - ROUTE FOUND: '/reportes'
2025-07-28 04:54:47 - REQUEST: GET /
2025-07-28 04:54:47 - PAGE: '' from URI: /
2025-07-28 04:54:47 - PROCESSING ROUTE: ''
2025-07-28 04:54:47 - ROUTE FOUND: '/'
2025-07-28 04:54:49 - REQUEST: GET /proyectos
2025-07-28 04:54:49 - PAGE: 'proyectos' from URI: /proyectos
2025-07-28 04:54:49 - PROCESSING ROUTE: 'proyectos'
2025-07-28 04:54:49 - ROUTE FOUND: '/proyectos'
2025-07-28 04:54:55 - REQUEST: GET /usuarios
2025-07-28 04:54:55 - PAGE: 'usuarios' from URI: /usuarios
2025-07-28 04:54:55 - PROCESSING ROUTE: 'usuarios'
2025-07-28 04:54:55 - ROUTE FOUND: '/usuarios'
2025-07-28 04:55:03 - REQUEST: GET /
2025-07-28 04:55:03 - PAGE: '' from URI: /
2025-07-28 04:55:03 - PROCESSING ROUTE: ''
2025-07-28 04:55:03 - ROUTE FOUND: '/'
2025-07-28 04:55:09 - REQUEST: GET /usuarios
2025-07-28 04:55:09 - PAGE: 'usuarios' from URI: /usuarios
2025-07-28 04:55:09 - PROCESSING ROUTE: 'usuarios'
2025-07-28 04:55:09 - ROUTE FOUND: '/usuarios'
2025-07-28 04:55:12 - REQUEST: GET /institutos
2025-07-28 04:55:12 - PAGE: 'institutos' from URI: /institutos
2025-07-28 04:55:12 - PROCESSING ROUTE: 'institutos'
2025-07-28 04:55:12 - ROUTE FOUND: '/institutos'
2025-07-28 04:55:14 - REQUEST: GET /reportes
2025-07-28 04:55:14 - PAGE: 'reportes' from URI: /reportes
2025-07-28 04:55:14 - PROCESSING ROUTE: 'reportes'
2025-07-28 04:55:14 - ROUTE FOUND: '/reportes'
2025-07-28 04:56:14 - REQUEST: GET /
2025-07-28 04:56:14 - PAGE: '' from URI: /
2025-07-28 04:56:14 - PROCESSING ROUTE: ''
2025-07-28 04:56:14 - ROUTE FOUND: '/'
2025-07-28 04:56:17 - REQUEST: GET /
2025-07-28 04:56:17 - PAGE: '' from URI: /
2025-07-28 04:56:17 - PROCESSING ROUTE: ''
2025-07-28 04:56:17 - ROUTE FOUND: '/'
2025-07-28 04:56:18 - REQUEST: GET /proyectos
2025-07-28 04:56:18 - PAGE: 'proyectos' from URI: /proyectos
2025-07-28 04:56:18 - PROCESSING ROUTE: 'proyectos'
2025-07-28 04:56:18 - ROUTE FOUND: '/proyectos'
2025-07-28 04:56:21 - REQUEST: GET /usuarios
2025-07-28 04:56:21 - PAGE: 'usuarios' from URI: /usuarios
2025-07-28 04:56:21 - PROCESSING ROUTE: 'usuarios'
2025-07-28 04:56:21 - ROUTE FOUND: '/usuarios'
2025-07-28 04:56:22 - REQUEST: GET /institutos
2025-07-28 04:56:22 - PAGE: 'institutos' from URI: /institutos
2025-07-28 04:56:22 - PROCESSING ROUTE: 'institutos'
2025-07-28 04:56:22 - ROUTE FOUND: '/institutos'
2025-07-28 04:56:24 - REQUEST: GET /reportes
2025-07-28 04:56:24 - PAGE: 'reportes' from URI: /reportes
2025-07-28 04:56:24 - PROCESSING ROUTE: 'reportes'
2025-07-28 04:56:24 - ROUTE FOUND: '/reportes'
2025-07-28 05:01:26 - REQUEST: GET /
2025-07-28 05:01:26 - PAGE: '' from URI: /
2025-07-28 05:01:26 - PROCESSING: ''
2025-07-28 05:01:26 - LOADING VIEW: 'dashboard'
2025-07-28 05:07:08 - REQUEST: GET /
2025-07-28 05:07:08 - PAGE: '' from URI: /
2025-07-28 05:07:08 - PROCESSING: ''
2025-07-28 05:07:08 - LOADING VIEW: 'dashboard'
2025-07-28 05:07:28 - REQUEST: GET /
2025-07-28 05:07:28 - PAGE: '' from URI: /
2025-07-28 05:07:28 - PROCESSING: ''
2025-07-28 05:07:28 - LOADING VIEW: 'dashboard'
2025-07-28 05:07:32 - REQUEST: GET /
2025-07-28 05:07:32 - PAGE: '' from URI: /
2025-07-28 05:07:32 - PROCESSING: ''
2025-07-28 05:07:32 - LOADING VIEW: 'dashboard'
2025-07-28 05:07:33 - REQUEST: GET /
2025-07-28 05:07:33 - PAGE: '' from URI: /
2025-07-28 05:07:33 - PROCESSING: ''
2025-07-28 05:07:33 - LOADING VIEW: 'dashboard'
2025-07-28 05:07:33 - REQUEST: GET /
2025-07-28 05:07:33 - PAGE: '' from URI: /
2025-07-28 05:07:33 - PROCESSING: ''
2025-07-28 05:07:33 - LOADING VIEW: 'dashboard'
2025-07-28 05:08:50 - REQUEST: GET /
2025-07-28 05:08:50 - PAGE: '' from URI: /
2025-07-28 05:08:50 - PROCESSING: ''
2025-07-28 05:08:50 - LOADING VIEW: 'dashboard.dashboard'
2025-07-28 05:13:22 - REQUEST: GET /
2025-07-28 05:13:22 - PAGE: '' from URI: /
2025-07-28 05:13:22 - PROCESSING: ''
2025-07-28 05:13:22 - LOADING VIEW: 'dashboard.dashboard'
2025-07-28 05:17:54 - REQUEST: GET /
2025-07-28 05:17:54 - PAGE: '' from URI: /
2025-07-28 05:17:54 - PROCESSING: ''
2025-07-28 05:17:54 - LOADING VIEW: 'dashboard.dashboard'
2025-07-28 05:17:57 - REQUEST: GET /
2025-07-28 05:17:57 - PAGE: '' from URI: /
2025-07-28 05:17:57 - PROCESSING: ''
2025-07-28 05:17:57 - LOADING VIEW: 'dashboard.dashboard'
2025-07-28 05:17:58 - REQUEST: GET /proyectos
2025-07-28 05:17:58 - PAGE: 'proyectos' from URI: /proyectos
2025-07-28 05:17:58 - PROCESSING: 'proyectos'
2025-07-28 05:17:58 - LOADING VIEW: 'proyectos.index'
2025-07-28 05:18:03 - REQUEST: GET /usuarios
2025-07-28 05:18:03 - PAGE: 'usuarios' from URI: /usuarios
2025-07-28 05:18:03 - PROCESSING: 'usuarios'
2025-07-28 05:18:03 - LOADING VIEW: 'usuarios.index'
2025-07-28 05:18:05 - REQUEST: GET /institutos
2025-07-28 05:18:05 - PAGE: 'institutos' from URI: /institutos
2025-07-28 05:18:05 - PROCESSING: 'institutos'
2025-07-28 05:18:05 - LOADING VIEW: 'institutos.index'
2025-07-28 05:18:06 - REQUEST: GET /reportes
2025-07-28 05:18:06 - PAGE: 'reportes' from URI: /reportes
2025-07-28 05:18:06 - PROCESSING: 'reportes'
2025-07-28 05:18:06 - LOADING VIEW: 'reportes.index'
2025-07-28 05:18:08 - REQUEST: GET /proyectos
2025-07-28 05:18:08 - PAGE: 'proyectos' from URI: /proyectos
2025-07-28 05:18:08 - PROCESSING: 'proyectos'
2025-07-28 05:18:08 - LOADING VIEW: 'proyectos.index'
2025-07-28 05:18:09 - REQUEST: GET /
2025-07-28 05:18:09 - PAGE: '' from URI: /
2025-07-28 05:18:09 - PROCESSING: ''
2025-07-28 05:18:09 - LOADING VIEW: 'dashboard.dashboard'
2025-07-28 05:18:53 - REQUEST: GET /
2025-07-28 05:18:53 - PAGE: '' from URI: /
2025-07-28 05:18:53 - PROCESSING: ''
2025-07-28 05:18:53 - LOADING VIEW: 'dashboard.dashboard'
2025-07-28 05:18:56 - REQUEST: GET /proyectos
2025-07-28 05:18:56 - PAGE: 'proyectos' from URI: /proyectos
2025-07-28 05:18:56 - PROCESSING: 'proyectos'
2025-07-28 05:18:56 - LOADING VIEW: 'proyectos.index'
2025-07-28 05:18:58 - REQUEST: GET /usuarios
2025-07-28 05:18:58 - PAGE: 'usuarios' from URI: /usuarios
2025-07-28 05:18:58 - PROCESSING: 'usuarios'
2025-07-28 05:18:58 - LOADING VIEW: 'usuarios.index'
2025-07-28 05:19:01 - REQUEST: GET /institutos
2025-07-28 05:19:01 - PAGE: 'institutos' from URI: /institutos
2025-07-28 05:19:01 - PROCESSING: 'institutos'
2025-07-28 05:19:01 - LOADING VIEW: 'institutos.index'
2025-07-28 05:19:05 - REQUEST: GET /reportes
2025-07-28 05:19:05 - PAGE: 'reportes' from URI: /reportes
2025-07-28 05:19:05 - PROCESSING: 'reportes'
2025-07-28 05:19:05 - LOADING VIEW: 'reportes.index'
2025-07-28 05:19:09 - REQUEST: GET /
2025-07-28 05:19:09 - PAGE: '' from URI: /
2025-07-28 05:19:09 - PROCESSING: ''
2025-07-28 05:19:09 - LOADING VIEW: 'dashboard.dashboard'
2025-07-28 05:20:21 - REQUEST: GET /
2025-07-28 05:20:21 - PAGE: '' from URI: /
2025-07-28 05:20:21 - PROCESSING: ''
2025-07-28 05:20:21 - LOADING VIEW: 'dashboard.dashboard'
2025-07-28 05:20:38 - REQUEST: GET /dashboard
2025-07-28 05:20:38 - PAGE: 'dashboard' from URI: /dashboard
2025-07-28 05:20:38 - PROCESSING: 'dashboard'
2025-07-28 05:20:38 - LOADING VIEW: 'dashboard.dashboard'
2025-07-28 05:20:42 - REQUEST: GET /proyectos
2025-07-28 05:20:42 - PAGE: 'proyectos' from URI: /proyectos
2025-07-28 05:20:42 - PROCESSING: 'proyectos'
2025-07-28 05:20:42 - LOADING VIEW: 'proyectos.index'
2025-07-28 05:20:43 - REQUEST: GET /usuarios
2025-07-28 05:20:43 - PAGE: 'usuarios' from URI: /usuarios
2025-07-28 05:20:43 - PROCESSING: 'usuarios'
2025-07-28 05:20:43 - LOADING VIEW: 'usuarios.index'
2025-07-28 05:20:44 - REQUEST: GET /institutos
2025-07-28 05:20:44 - PAGE: 'institutos' from URI: /institutos
2025-07-28 05:20:44 - PROCESSING: 'institutos'
2025-07-28 05:20:44 - LOADING VIEW: 'institutos.index'
2025-07-28 05:20:45 - REQUEST: GET /reportes
2025-07-28 05:20:45 - PAGE: 'reportes' from URI: /reportes
2025-07-28 05:20:45 - PROCESSING: 'reportes'
2025-07-28 05:20:45 - LOADING VIEW: 'reportes.index'
2025-07-28 05:20:47 - REQUEST: GET /
2025-07-28 05:20:47 - PAGE: '' from URI: /
2025-07-28 05:20:47 - PROCESSING: ''
2025-07-28 05:20:47 - LOADING VIEW: 'dashboard.dashboard'
2025-07-28 05:20:49 - REQUEST: GET /
2025-07-28 05:20:49 - PAGE: '' from URI: /
2025-07-28 05:20:49 - PROCESSING: ''
2025-07-28 05:20:49 - LOADING VIEW: 'dashboard.dashboard'
2025-07-28 05:20:51 - REQUEST: GET /proyectos
2025-07-28 05:20:51 - PAGE: 'proyectos' from URI: /proyectos
2025-07-28 05:20:51 - PROCESSING: 'proyectos'
2025-07-28 05:20:51 - LOADING VIEW: 'proyectos.index'
2025-07-28 05:26:12 - REQUEST: GET /
2025-07-28 05:26:12 - PAGE: '' from URI: /
2025-07-28 05:26:12 - PROCESSING: ''
2025-07-28 05:26:12 - LOADING VIEW: 'welcome'
2025-07-28 05:26:16 - REQUEST: GET /
2025-07-28 05:26:16 - PAGE: '' from URI: /
2025-07-28 05:26:16 - PROCESSING: ''
2025-07-28 05:26:16 - LOADING VIEW: 'welcome'
2025-07-28 05:26:17 - REQUEST: GET /
2025-07-28 05:26:17 - PAGE: '' from URI: /
2025-07-28 05:26:17 - PROCESSING: ''
2025-07-28 05:26:17 - LOADING VIEW: 'welcome'
2025-07-28 05:26:20 - REQUEST: GET /dashboard
2025-07-28 05:26:20 - PAGE: 'dashboard' from URI: /dashboard
2025-07-28 05:26:20 - PROCESSING: 'dashboard'
2025-07-28 05:26:20 - LOADING VIEW: 'dashboard.dashboard'
2025-07-28 05:26:23 - REQUEST: GET /
2025-07-28 05:26:23 - PAGE: '' from URI: /
2025-07-28 05:26:23 - PROCESSING: ''
2025-07-28 05:26:23 - LOADING VIEW: 'welcome'
2025-07-28 05:26:24 - REQUEST: GET /dashboard
2025-07-28 05:26:24 - PAGE: 'dashboard' from URI: /dashboard
2025-07-28 05:26:24 - PROCESSING: 'dashboard'
2025-07-28 05:26:24 - LOADING VIEW: 'dashboard.dashboard'
2025-07-28 05:26:25 - REQUEST: GET /dashboard
2025-07-28 05:26:25 - PAGE: 'dashboard' from URI: /dashboard
2025-07-28 05:26:25 - PROCESSING: 'dashboard'
2025-07-28 05:26:25 - LOADING VIEW: 'dashboard.dashboard'
2025-07-28 05:26:26 - REQUEST: GET /proyectos
2025-07-28 05:26:26 - PAGE: 'proyectos' from URI: /proyectos
2025-07-28 05:26:26 - PROCESSING: 'proyectos'
2025-07-28 05:26:26 - LOADING VIEW: 'proyectos.index'
2025-07-28 05:26:26 - REQUEST: GET /usuarios
2025-07-28 05:26:26 - PAGE: 'usuarios' from URI: /usuarios
2025-07-28 05:26:26 - PROCESSING: 'usuarios'
2025-07-28 05:26:26 - LOADING VIEW: 'usuarios.index'
2025-07-28 05:26:27 - REQUEST: GET /institutos
2025-07-28 05:26:27 - PAGE: 'institutos' from URI: /institutos
2025-07-28 05:26:27 - PROCESSING: 'institutos'
2025-07-28 05:26:27 - LOADING VIEW: 'institutos.index'
2025-07-28 05:26:28 - REQUEST: GET /reportes
2025-07-28 05:26:28 - PAGE: 'reportes' from URI: /reportes
2025-07-28 05:26:28 - PROCESSING: 'reportes'
2025-07-28 05:26:28 - LOADING VIEW: 'reportes.index'
2025-07-28 05:26:31 - REQUEST: GET /
2025-07-28 05:26:31 - PAGE: '' from URI: /
2025-07-28 05:26:31 - PROCESSING: ''
2025-07-28 05:26:31 - LOADING VIEW: 'welcome'
2025-07-28 05:26:34 - REQUEST: GET /proyectos
2025-07-28 05:26:34 - PAGE: 'proyectos' from URI: /proyectos
2025-07-28 05:26:34 - PROCESSING: 'proyectos'
2025-07-28 05:26:34 - LOADING VIEW: 'proyectos.index'
2025-07-28 05:26:51 - REQUEST: GET /
2025-07-28 05:26:51 - PAGE: '' from URI: /
2025-07-28 05:26:51 - PROCESSING: ''
2025-07-28 05:26:51 - LOADING VIEW: 'welcome'
2025-07-28 05:26:53 - REQUEST: GET /dashboard
2025-07-28 05:26:53 - PAGE: 'dashboard' from URI: /dashboard
2025-07-28 05:26:53 - PROCESSING: 'dashboard'
2025-07-28 05:26:53 - LOADING VIEW: 'dashboard.dashboard'
2025-07-28 05:26:54 - REQUEST: GET /proyectos
2025-07-28 05:26:54 - PAGE: 'proyectos' from URI: /proyectos
2025-07-28 05:26:54 - PROCESSING: 'proyectos'
2025-07-28 05:26:54 - LOADING VIEW: 'proyectos.index'
2025-07-28 05:26:55 - REQUEST: GET /usuarios
2025-07-28 05:26:55 - PAGE: 'usuarios' from URI: /usuarios
2025-07-28 05:26:55 - PROCESSING: 'usuarios'
2025-07-28 05:26:55 - LOADING VIEW: 'usuarios.index'
2025-07-28 05:26:56 - REQUEST: GET /institutos
2025-07-28 05:26:56 - PAGE: 'institutos' from URI: /institutos
2025-07-28 05:26:56 - PROCESSING: 'institutos'
2025-07-28 05:26:56 - LOADING VIEW: 'institutos.index'
2025-07-28 05:26:58 - REQUEST: GET /
2025-07-28 05:26:58 - PAGE: '' from URI: /
2025-07-28 05:26:58 - PROCESSING: ''
2025-07-28 05:26:58 - LOADING VIEW: 'welcome'
2025-07-28 05:28:56 - REQUEST: GET /proyectos
2025-07-28 05:28:56 - PAGE: 'proyectos' from URI: /proyectos
2025-07-28 05:28:56 - PROCESSING: 'proyectos'
2025-07-28 05:28:56 - LOADING VIEW: 'proyectos.index'
2025-07-28 05:29:00 - REQUEST: GET /
2025-07-28 05:29:00 - PAGE: '' from URI: /
2025-07-28 05:29:00 - PROCESSING: ''
2025-07-28 05:29:00 - LOADING VIEW: 'welcome'
2025-07-28 05:29:01 - REQUEST: GET /dashboard
2025-07-28 05:29:01 - PAGE: 'dashboard' from URI: /dashboard
2025-07-28 05:29:01 - PROCESSING: 'dashboard'
2025-07-28 05:29:01 - LOADING VIEW: 'dashboard.dashboard'
2025-07-28 05:29:04 - REQUEST: GET /proyectos
2025-07-28 05:29:04 - PAGE: 'proyectos' from URI: /proyectos
2025-07-28 05:29:04 - PROCESSING: 'proyectos'
2025-07-28 05:29:04 - LOADING VIEW: 'proyectos.index'
2025-07-28 05:29:04 - REQUEST: GET /usuarios
2025-07-28 05:29:04 - PAGE: 'usuarios' from URI: /usuarios
2025-07-28 05:29:04 - PROCESSING: 'usuarios'
2025-07-28 05:29:04 - LOADING VIEW: 'usuarios.index'
2025-07-28 05:29:06 - REQUEST: GET /
2025-07-28 05:29:06 - PAGE: '' from URI: /
2025-07-28 05:29:06 - PROCESSING: ''
2025-07-28 05:29:06 - LOADING VIEW: 'welcome'
2025-07-28 05:32:13 - REQUEST: GET /
2025-07-28 05:32:13 - PAGE: '' from URI: /
2025-07-28 05:32:13 - PROCESSING: ''
2025-07-28 05:32:13 - LOADING VIEW: 'welcome'
2025-07-28 05:32:21 - REQUEST: GET /
2025-07-28 05:32:21 - PAGE: '' from URI: /
2025-07-28 05:32:21 - PROCESSING: ''
2025-07-28 05:32:21 - LOADING VIEW: 'welcome'
2025-07-28 05:32:22 - REQUEST: GET /dashboard
2025-07-28 05:32:22 - PAGE: 'dashboard' from URI: /dashboard
2025-07-28 05:32:22 - PROCESSING: 'dashboard'
2025-07-28 05:32:22 - LOADING VIEW: 'dashboard.dashboard'
2025-07-28 05:32:23 - REQUEST: GET /proyectos
2025-07-28 05:32:23 - PAGE: 'proyectos' from URI: /proyectos
2025-07-28 05:32:23 - PROCESSING: 'proyectos'
2025-07-28 05:32:23 - LOADING VIEW: 'proyectos.index'
2025-07-28 05:32:24 - REQUEST: GET /usuarios
2025-07-28 05:32:24 - PAGE: 'usuarios' from URI: /usuarios
2025-07-28 05:32:24 - PROCESSING: 'usuarios'
2025-07-28 05:32:24 - LOADING VIEW: 'usuarios.index'
2025-07-28 05:32:25 - REQUEST: GET /institutos
2025-07-28 05:32:25 - PAGE: 'institutos' from URI: /institutos
2025-07-28 05:32:25 - PROCESSING: 'institutos'
2025-07-28 05:32:25 - LOADING VIEW: 'institutos.index'
2025-07-28 05:32:25 - REQUEST: GET /reportes
2025-07-28 05:32:25 - PAGE: 'reportes' from URI: /reportes
2025-07-28 05:32:25 - PROCESSING: 'reportes'
2025-07-28 05:32:25 - LOADING VIEW: 'reportes.index'
2025-07-28 05:32:27 - REQUEST: GET /
2025-07-28 05:32:27 - PAGE: '' from URI: /
2025-07-28 05:32:27 - PROCESSING: ''
2025-07-28 05:32:27 - LOADING VIEW: 'welcome'
2025-07-28 05:33:39 - REQUEST: GET /
2025-07-28 05:33:39 - PAGE: '' from URI: /
2025-07-28 05:33:39 - PROCESSING: ''
2025-07-28 05:33:39 - LOADING VIEW: 'welcome'
2025-07-28 05:33:43 - REQUEST: GET /proyectos
2025-07-28 05:33:43 - PAGE: 'proyectos' from URI: /proyectos
2025-07-28 05:33:43 - PROCESSING: 'proyectos'
2025-07-28 05:33:43 - LOADING VIEW: 'proyectos.index'
2025-07-28 05:33:49 - REQUEST: GET /
2025-07-28 05:33:49 - PAGE: '' from URI: /
2025-07-28 05:33:49 - PROCESSING: ''
2025-07-28 05:33:49 - LOADING VIEW: 'welcome'
2025-07-28 05:33:50 - REQUEST: GET /dashboard
2025-07-28 05:33:50 - PAGE: 'dashboard' from URI: /dashboard
2025-07-28 05:33:50 - PROCESSING: 'dashboard'
2025-07-28 05:33:50 - LOADING VIEW: 'dashboard.dashboard'
2025-07-28 05:33:51 - REQUEST: GET /proyectos
2025-07-28 05:33:51 - PAGE: 'proyectos' from URI: /proyectos
2025-07-28 05:33:51 - PROCESSING: 'proyectos'
2025-07-28 05:33:51 - LOADING VIEW: 'proyectos.index'
2025-07-28 05:33:52 - REQUEST: GET /usuarios
2025-07-28 05:33:52 - PAGE: 'usuarios' from URI: /usuarios
2025-07-28 05:33:52 - PROCESSING: 'usuarios'
2025-07-28 05:33:52 - LOADING VIEW: 'usuarios.index'
2025-07-28 05:33:54 - REQUEST: GET /institutos
2025-07-28 05:33:54 - PAGE: 'institutos' from URI: /institutos
2025-07-28 05:33:54 - PROCESSING: 'institutos'
2025-07-28 05:33:54 - LOADING VIEW: 'institutos.index'
2025-07-28 05:33:55 - REQUEST: GET /usuarios
2025-07-28 05:33:55 - PAGE: 'usuarios' from URI: /usuarios
2025-07-28 05:33:55 - PROCESSING: 'usuarios'
2025-07-28 05:33:55 - LOADING VIEW: 'usuarios.index'
2025-07-28 05:33:57 - REQUEST: GET /proyectos
2025-07-28 05:33:57 - PAGE: 'proyectos' from URI: /proyectos
2025-07-28 05:33:57 - PROCESSING: 'proyectos'
2025-07-28 05:33:57 - LOADING VIEW: 'proyectos.index'
2025-07-28 05:33:59 - REQUEST: GET /reportes
2025-07-28 05:33:59 - PAGE: 'reportes' from URI: /reportes
2025-07-28 05:33:59 - PROCESSING: 'reportes'
2025-07-28 05:33:59 - LOADING VIEW: 'reportes.index'
2025-07-28 05:34:03 - REQUEST: GET /proyectos
2025-07-28 05:34:03 - PAGE: 'proyectos' from URI: /proyectos
2025-07-28 05:34:03 - PROCESSING: 'proyectos'
2025-07-28 05:34:03 - LOADING VIEW: 'proyectos.index'
2025-07-28 05:34:06 - REQUEST: GET /
2025-07-28 05:34:06 - PAGE: '' from URI: /
2025-07-28 05:34:06 - PROCESSING: ''
2025-07-28 05:34:06 - LOADING VIEW: 'welcome'
2025-07-28 06:15:39 - REQUEST: GET /NexusCompendiumEva1/
2025-07-28 06:15:39 - PAGE: '' from URI: /NexusCompendiumEva1/
2025-07-28 06:15:39 - PROCESSING: ''
2025-07-28 06:15:39 - LOADING VIEW: 'welcome'
2025-07-28 06:28:10 - REQUEST: GET /NexusCompendiumEva1/
2025-07-28 06:28:10 - PAGE: '' from URI: /NexusCompendiumEva1/
2025-07-28 06:28:10 - PROCESSING: ''
2025-07-28 06:28:10 - LOADING VIEW: 'welcome'
2025-07-28 06:28:12 - REQUEST: GET /NexusCompendiumEva1/
2025-07-28 06:28:12 - PAGE: '' from URI: /NexusCompendiumEva1/
2025-07-28 06:28:12 - PROCESSING: ''
2025-07-28 06:28:12 - LOADING VIEW: 'welcome'
2025-07-28 06:28:13 - REQUEST: GET /NexusCompendiumEva1/
2025-07-28 06:28:13 - PAGE: '' from URI: /NexusCompendiumEva1/
2025-07-28 06:28:13 - PROCESSING: ''
2025-07-28 06:28:13 - LOADING VIEW: 'welcome'
2025-07-28 06:28:31 - REQUEST: GET /NexusCompendiumEva1/
2025-07-28 06:28:31 - PAGE: '' from URI: /NexusCompendiumEva1/
2025-07-28 06:28:31 - PROCESSING: ''
2025-07-28 06:28:31 - LOADING VIEW: 'welcome'
2025-07-28 06:29:59 - REQUEST: GET /NexusCompendiumEva1/
2025-07-28 06:29:59 - PAGE: '' from URI: /NexusCompendiumEva1/
2025-07-28 06:29:59 - PROCESSING: ''
2025-07-28 06:29:59 - LOADING VIEW: 'welcome'
2025-07-28 06:30:00 - REQUEST: GET /NexusCompendiumEva1/
2025-07-28 06:30:00 - PAGE: '' from URI: /NexusCompendiumEva1/
2025-07-28 06:30:00 - PROCESSING: ''
2025-07-28 06:30:00 - LOADING VIEW: 'welcome'
2025-07-28 06:30:11 - REQUEST: GET /NexusCompendiumEva1/
2025-07-28 06:30:11 - PAGE: '' from URI: /NexusCompendiumEva1/
2025-07-28 06:30:11 - PROCESSING: ''
2025-07-28 06:30:11 - LOADING VIEW: 'welcome'
2025-07-28 06:30:11 - REQUEST: GET /NexusCompendiumEva1/
2025-07-28 06:30:11 - PAGE: '' from URI: /NexusCompendiumEva1/
2025-07-28 06:30:11 - PROCESSING: ''
2025-07-28 06:30:11 - LOADING VIEW: 'welcome'
2025-07-28 06:30:11 - REQUEST: GET /NexusCompendiumEva1/
2025-07-28 06:30:11 - PAGE: '' from URI: /NexusCompendiumEva1/
2025-07-28 06:30:11 - PROCESSING: ''
2025-07-28 06:30:11 - LOADING VIEW: 'welcome'
2025-07-28 06:30:12 - REQUEST: GET /NexusCompendiumEva1/
2025-07-28 06:30:12 - PAGE: '' from URI: /NexusCompendiumEva1/
2025-07-28 06:30:12 - PROCESSING: ''
2025-07-28 06:30:12 - LOADING VIEW: 'welcome'
2025-07-28 06:30:12 - REQUEST: GET /NexusCompendiumEva1/
2025-07-28 06:30:12 - PAGE: '' from URI: /NexusCompendiumEva1/
2025-07-28 06:30:12 - PROCESSING: ''
2025-07-28 06:30:12 - LOADING VIEW: 'welcome'
2025-07-28 06:32:06 - REQUEST: GET /NexusCompendiumEva1/
2025-07-28 06:32:06 - PAGE: '' from URI: /NexusCompendiumEva1/
2025-07-28 06:32:06 - PROCESSING: ''
2025-07-28 06:32:06 - LOADING VIEW: 'welcome'
2025-07-28 06:32:07 - REQUEST: GET /NexusCompendiumEva1/
2025-07-28 06:32:07 - PAGE: '' from URI: /NexusCompendiumEva1/
2025-07-28 06:32:07 - PROCESSING: ''
2025-07-28 06:32:07 - LOADING VIEW: 'welcome'
2025-07-28 06:32:07 - REQUEST: GET /NexusCompendiumEva1/
2025-07-28 06:32:07 - PAGE: '' from URI: /NexusCompendiumEva1/
2025-07-28 06:32:07 - PROCESSING: ''
2025-07-28 06:32:07 - LOADING VIEW: 'welcome'
2025-07-28 06:32:09 - REQUEST: GET /NexusCompendiumEva1/
2025-07-28 06:32:09 - PAGE: '' from URI: /NexusCompendiumEva1/
2025-07-28 06:32:09 - PROCESSING: ''
2025-07-28 06:32:09 - LOADING VIEW: 'welcome'
2025-07-28 06:32:09 - REQUEST: GET /NexusCompendiumEva1/
2025-07-28 06:32:09 - PAGE: '' from URI: /NexusCompendiumEva1/
2025-07-28 06:32:09 - PROCESSING: ''
2025-07-28 06:32:09 - LOADING VIEW: 'welcome'
2025-07-28 06:32:23 - REQUEST: GET /NexusCompendiumEva1/
2025-07-28 06:32:23 - PAGE: '' from URI: /NexusCompendiumEva1/
2025-07-28 06:32:23 - PROCESSING: ''
2025-07-28 06:32:23 - LOADING VIEW: 'welcome'
2025-07-28 06:38:31 - REQUEST: GET /NexusCompendiumEva1/
2025-07-28 06:38:31 - PAGE: '' from URI: /NexusCompendiumEva1/
2025-07-28 06:38:31 - PROCESSING: ''
2025-07-28 06:38:31 - LOADING VIEW: 'welcome'
2025-07-28 06:38:31 - REQUEST: GET /NexusCompendiumEva1/
2025-07-28 06:38:31 - PAGE: '' from URI: /NexusCompendiumEva1/
2025-07-28 06:38:31 - PROCESSING: ''
2025-07-28 06:38:31 - LOADING VIEW: 'welcome'
2025-07-28 06:38:32 - REQUEST: GET /NexusCompendiumEva1/
2025-07-28 06:38:32 - PAGE: '' from URI: /NexusCompendiumEva1/
2025-07-28 06:38:32 - PROCESSING: ''
2025-07-28 06:38:32 - LOADING VIEW: 'welcome'
2025-07-28 06:38:32 - REQUEST: GET /NexusCompendiumEva1/
2025-07-28 06:38:32 - PAGE: '' from URI: /NexusCompendiumEva1/
2025-07-28 06:38:32 - PROCESSING: ''
2025-07-28 06:38:32 - LOADING VIEW: 'welcome'
2025-07-28 06:38:32 - REQUEST: GET /NexusCompendiumEva1/
2025-07-28 06:38:32 - PAGE: '' from URI: /NexusCompendiumEva1/
2025-07-28 06:38:32 - PROCESSING: ''
2025-07-28 06:38:32 - LOADING VIEW: 'welcome'
2025-07-28 06:38:33 - REQUEST: GET /NexusCompendiumEva1/
2025-07-28 06:38:33 - PAGE: '' from URI: /NexusCompendiumEva1/
2025-07-28 06:38:33 - PROCESSING: ''
2025-07-28 06:38:33 - LOADING VIEW: 'welcome'
2025-07-28 06:38:34 - REQUEST: GET /NexusCompendiumEva1/
2025-07-28 06:38:34 - PAGE: '' from URI: /NexusCompendiumEva1/
2025-07-28 06:38:34 - PROCESSING: ''
2025-07-28 06:38:34 - LOADING VIEW: 'welcome'
2025-07-28 17:10:48 - REQUEST: GET /NexusCompendiumEva1/
2025-07-28 17:10:48 - PAGE: '' from URI: /NexusCompendiumEva1/
2025-07-28 17:10:48 - PROCESSING: ''
2025-07-28 17:10:48 - LOADING VIEW: 'welcome'
2025-07-28 17:10:49 - REQUEST: GET /NexusCompendiumEva1/
2025-07-28 17:10:49 - PAGE: '' from URI: /NexusCompendiumEva1/
2025-07-28 17:10:49 - PROCESSING: ''
2025-07-28 17:10:49 - LOADING VIEW: 'welcome'
2025-07-28 17:10:49 - REQUEST: GET /NexusCompendiumEva1/
2025-07-28 17:10:50 - PAGE: '' from URI: /NexusCompendiumEva1/
2025-07-28 17:10:50 - PROCESSING: ''
2025-07-28 17:10:50 - LOADING VIEW: 'welcome'
2025-07-28 17:10:50 - REQUEST: GET /NexusCompendiumEva1/
2025-07-28 17:10:50 - PAGE: '' from URI: /NexusCompendiumEva1/
2025-07-28 17:10:50 - PROCESSING: ''
2025-07-28 17:10:50 - LOADING VIEW: 'welcome'
2025-07-28 17:11:28 - REQUEST: GET /NexusCompendiumEva1/
2025-07-28 17:11:28 - PAGE: '' from URI: /NexusCompendiumEva1/
2025-07-28 17:11:28 - PROCESSING: ''
2025-07-28 17:11:28 - LOADING VIEW: 'welcome'
2025-07-28 17:11:32 - REQUEST: GET /NexusCompendiumEva1/
2025-07-28 17:11:32 - PAGE: '' from URI: /NexusCompendiumEva1/
2025-07-28 17:11:32 - PROCESSING: ''
2025-07-28 17:11:32 - LOADING VIEW: 'welcome'
2025-07-28 17:12:22 - REQUEST: GET /NexusCompendiumEva1/
2025-07-28 17:12:22 - PAGE: '' from URI: /NexusCompendiumEva1/
2025-07-28 17:12:22 - PROCESSING: ''
2025-07-28 17:12:22 - LOADING VIEW: 'welcome'
2025-07-28 17:12:23 - REQUEST: GET /NexusCompendiumEva1/
2025-07-28 17:12:23 - PAGE: '' from URI: /NexusCompendiumEva1/
2025-07-28 17:12:23 - PROCESSING: ''
2025-07-28 17:12:23 - LOADING VIEW: 'welcome'
2025-07-28 17:12:25 - REQUEST: GET /NexusCompendiumEva1/
2025-07-28 17:12:25 - PAGE: '' from URI: /NexusCompendiumEva1/
2025-07-28 17:12:25 - PROCESSING: ''
2025-07-28 17:12:25 - LOADING VIEW: 'welcome'
2025-07-28 17:16:01 - REQUEST: GET /NexusCompendiumEva1/
2025-07-28 17:16:01 - PAGE: '' from URI: /NexusCompendiumEva1/
2025-07-28 17:16:01 - PROCESSING: ''
2025-07-28 17:16:01 - LOADING VIEW: 'welcome'
2025-07-28 17:16:02 - REQUEST: GET /NexusCompendiumEva1/
2025-07-28 17:16:02 - PAGE: '' from URI: /NexusCompendiumEva1/
2025-07-28 17:16:02 - PROCESSING: ''
2025-07-28 17:16:02 - LOADING VIEW: 'welcome'
2025-07-28 17:16:04 - REQUEST: GET /NexusCompendiumEva1/
2025-07-28 17:16:04 - PAGE: '' from URI: /NexusCompendiumEva1/
2025-07-28 17:16:04 - PROCESSING: ''
2025-07-28 17:16:04 - LOADING VIEW: 'welcome'
2025-07-28 17:16:23 - REQUEST: GET /NexusCompendiumEva1/
2025-07-28 17:16:23 - PAGE: '' from URI: /NexusCompendiumEva1/
2025-07-28 17:16:23 - PROCESSING: ''
2025-07-28 17:16:23 - LOADING VIEW: 'welcome'
2025-07-28 17:18:03 - REQUEST: GET /NexusCompendiumEva1/
2025-07-28 17:18:03 - PAGE: '' from URI: /NexusCompendiumEva1/
2025-07-28 17:18:03 - PROCESSING: ''
2025-07-28 17:18:03 - LOADING VIEW: 'welcome'
2025-07-28 17:18:04 - REQUEST: GET /NexusCompendiumEva1/
2025-07-28 17:18:04 - PAGE: '' from URI: /NexusCompendiumEva1/
2025-07-28 17:18:04 - PROCESSING: ''
2025-07-28 17:18:04 - LOADING VIEW: 'welcome'
2025-07-28 17:18:04 - REQUEST: GET /NexusCompendiumEva1/
2025-07-28 17:18:04 - PAGE: '' from URI: /NexusCompendiumEva1/
2025-07-28 17:18:04 - PROCESSING: ''
2025-07-28 17:18:04 - LOADING VIEW: 'welcome'
2025-07-28 17:18:05 - REQUEST: GET /NexusCompendiumEva1/
2025-07-28 17:18:05 - PAGE: '' from URI: /NexusCompendiumEva1/
2025-07-28 17:18:05 - PROCESSING: ''
2025-07-28 17:18:05 - LOADING VIEW: 'welcome'
2025-07-28 17:18:05 - REQUEST: GET /NexusCompendiumEva1/
2025-07-28 17:18:05 - PAGE: '' from URI: /NexusCompendiumEva1/
2025-07-28 17:18:05 - PROCESSING: ''
2025-07-28 17:18:05 - LOADING VIEW: 'welcome'
2025-07-28 17:18:05 - REQUEST: GET /NexusCompendiumEva1/
2025-07-28 17:18:05 - PAGE: '' from URI: /NexusCompendiumEva1/
2025-07-28 17:18:05 - PROCESSING: ''
2025-07-28 17:18:05 - LOADING VIEW: 'welcome'
2025-07-28 17:18:05 - REQUEST: GET /NexusCompendiumEva1/
2025-07-28 17:18:05 - PAGE: '' from URI: /NexusCompendiumEva1/
2025-07-28 17:18:05 - PROCESSING: ''
2025-07-28 17:18:05 - LOADING VIEW: 'welcome'
2025-07-28 17:19:28 - REQUEST: GET /NexusCompendiumEva1/
2025-07-28 17:19:28 - PAGE: '' from URI: /NexusCompendiumEva1/
2025-07-28 17:19:28 - PROCESSING: ''
2025-07-28 17:19:28 - LOADING VIEW: 'welcome'
2025-07-28 17:19:30 - REQUEST: GET /NexusCompendiumEva1/
2025-07-28 17:19:30 - PAGE: '' from URI: /NexusCompendiumEva1/
2025-07-28 17:19:30 - PROCESSING: ''
2025-07-28 17:19:30 - LOADING VIEW: 'welcome'
2025-07-28 17:23:52 - REQUEST: GET /NexusCompendiumEva1/
2025-07-28 17:23:52 - PAGE: '' from URI: /NexusCompendiumEva1/
2025-07-28 17:23:52 - PROCESSING: ''
2025-07-28 17:23:52 - LOADING VIEW: 'welcome'
2025-07-28 17:23:59 - REQUEST: GET /NexusCompendiumEva1/
2025-07-28 17:23:59 - PAGE: '' from URI: /NexusCompendiumEva1/
2025-07-28 17:23:59 - PROCESSING: ''
2025-07-28 17:23:59 - LOADING VIEW: 'welcome'
2025-07-28 17:25:19 - REQUEST: GET /NexusCompendiumEva1/
2025-07-28 17:25:19 - PAGE: '' from URI: /NexusCompendiumEva1/
2025-07-28 17:25:19 - PROCESSING: ''
2025-07-28 17:25:19 - LOADING VIEW: 'welcome'
2025-07-28 17:25:23 - REQUEST: GET /NexusCompendiumEva1/
2025-07-28 17:25:23 - PAGE: '' from URI: /NexusCompendiumEva1/
2025-07-28 17:25:23 - PROCESSING: ''
2025-07-28 17:25:23 - LOADING VIEW: 'welcome'
2025-07-28 17:59:04 - REQUEST: GET /NexusCompendiumEva1/
2025-07-28 17:59:04 - PAGE: '' from URI: /NexusCompendiumEva1/
2025-07-28 17:59:04 - PROCESSING: ''
2025-07-28 17:59:04 - LOADING VIEW: 'welcome'
